0 info it worked if it ends with ok
1 verbose cli [ '/usr/local/bin/node',
1 verbose cli   '/usr/local/bin/npm',
1 verbose cli   'install',
1 verbose cli   '-g',
1 verbose cli   'gulp' ]
2 info using npm@2.10.1
3 info using node@v0.12.4
4 verbose node symlink /usr/local/bin/node
5 verbose install initial load of /usr/local/lib/package.json
6 verbose readDependencies loading dependencies from /usr/local/lib/package.json
7 silly cache add args [ 'gulp', null ]
8 verbose cache add spec gulp
9 silly cache add parsed spec { raw: 'gulp',
9 silly cache add   scope: null,
9 silly cache add   name: 'gulp',
9 silly cache add   rawSpec: '',
9 silly cache add   spec: '*',
9 silly cache add   type: 'range' }
10 silly addNamed gulp@*
11 verbose addNamed "*" is a valid semver range for gulp
12 silly addNameRange { name: 'gulp', range: '*', hasData: false }
13 silly mapToRegistry name gulp
14 silly mapToRegistry using default registry
15 silly mapToRegistry registry https://registry.npmjs.org/
16 silly mapToRegistry uri https://registry.npmjs.org/gulp
17 verbose addNameRange registry:https://registry.npmjs.org/gulp not in flight; fetching
18 verbose request uri https://registry.npmjs.org/gulp
19 verbose request no auth needed
20 info attempt registry request try #1 at 12:03:48 PM
21 verbose request id cfe9602ebcfcbb61
22 verbose etag "8CP8411Z2Y44S1KLK7HFDTC31"
23 http request GET https://registry.npmjs.org/gulp
24 http 304 https://registry.npmjs.org/gulp
25 silly get cb [ 304,
25 silly get   { date: 'Mon, 13 Jun 2016 18:03:48 GMT',
25 silly get     via: '1.1 varnish',
25 silly get     'cache-control': 'max-age=300',
25 silly get     etag: '"8CP8411Z2Y44S1KLK7HFDTC31"',
25 silly get     age: '123',
25 silly get     connection: 'keep-alive',
25 silly get     'x-served-by': 'cache-dfw1822-DFW',
25 silly get     'x-cache': 'HIT',
25 silly get     'x-cache-hits': '2',
25 silly get     'x-timer': 'S1465841028.818815,VS0,VE0',
25 silly get     vary: 'Accept-Encoding' } ]
26 verbose etag https://registry.npmjs.org/gulp from cache
27 verbose get saving gulp to /Users/jasonbryant/.npm/registry.npmjs.org/gulp/.cache.json
28 silly addNameRange number 2 { name: 'gulp', range: '*', hasData: true }
29 silly addNameRange versions [ 'gulp',
29 silly addNameRange   [ '0.0.1',
29 silly addNameRange     '0.0.2',
29 silly addNameRange     '0.0.3',
29 silly addNameRange     '0.0.4',
29 silly addNameRange     '0.0.5',
29 silly addNameRange     '0.0.7',
29 silly addNameRange     '0.0.8',
29 silly addNameRange     '0.0.9',
29 silly addNameRange     '0.1.0',
29 silly addNameRange     '0.2.0',
29 silly addNameRange     '1.0.0',
29 silly addNameRange     '1.1.0',
29 silly addNameRange     '1.2.0',
29 silly addNameRange     '1.2.1',
29 silly addNameRange     '2.0.0',
29 silly addNameRange     '2.0.1',
29 silly addNameRange     '2.1.0',
29 silly addNameRange     '2.2.0',
29 silly addNameRange     '2.3.0',
29 silly addNameRange     '2.4.0',
29 silly addNameRange     '2.4.1',
29 silly addNameRange     '2.6.0',
29 silly addNameRange     '2.6.1',
29 silly addNameRange     '2.7.0',
29 silly addNameRange     '3.0.0',
29 silly addNameRange     '3.1.1',
29 silly addNameRange     '3.1.2',
29 silly addNameRange     '3.1.3',
29 silly addNameRange     '3.1.4',
29 silly addNameRange     '3.2.0',
29 silly addNameRange     '3.2.1',
29 silly addNameRange     '3.2.2',
29 silly addNameRange     '3.2.3',
29 silly addNameRange     '3.2.4',
29 silly addNameRange     '3.2.5',
29 silly addNameRange     '3.3.0',
29 silly addNameRange     '3.3.1',
29 silly addNameRange     '3.3.2',
29 silly addNameRange     '3.3.4',
29 silly addNameRange     '3.4.0',
29 silly addNameRange     '3.5.0',
29 silly addNameRange     '3.5.1',
29 silly addNameRange     '3.5.2',
29 silly addNameRange     '3.5.5',
29 silly addNameRange     '3.5.6',
29 silly addNameRange     '3.6.0',
29 silly addNameRange     '3.6.1',
29 silly addNameRange     '3.6.2',
29 silly addNameRange     '3.7.0',
29 silly addNameRange     '3.8.0',
29 silly addNameRange     '3.8.1',
29 silly addNameRange     '3.8.2',
29 silly addNameRange     '3.8.3',
29 silly addNameRange     '3.8.4',
29 silly addNameRange     '3.8.5',
29 silly addNameRange     '3.8.6',
29 silly addNameRange     '3.8.7',
29 silly addNameRange     '3.8.8',
29 silly addNameRange     '3.8.9',
29 silly addNameRange     '3.8.10',
29 silly addNameRange     '3.8.11',
29 silly addNameRange     '3.9.0',
29 silly addNameRange     '3.9.1' ] ]
30 silly addNamed gulp@3.9.1
31 verbose addNamed "3.9.1" is a plain semver version for gulp
32 silly cache afterAdd gulp@3.9.1
33 verbose afterAdd /Users/jasonbryant/.npm/gulp/3.9.1/package/package.json not in flight; writing
34 verbose afterAdd /Users/jasonbryant/.npm/gulp/3.9.1/package/package.json written
35 silly install resolved [ { name: 'gulp',
35 silly install resolved     description: 'The streaming build system',
35 silly install resolved     version: '3.9.1',
35 silly install resolved     homepage: 'http://gulpjs.com',
35 silly install resolved     repository: { type: 'git', url: 'git+https://github.com/gulpjs/gulp.git' },
35 silly install resolved     author:
35 silly install resolved      { name: 'Fractal',
35 silly install resolved        email: 'contact@wearefractal.com',
35 silly install resolved        url: 'http://wearefractal.com/' },
35 silly install resolved     tags: [ 'build', 'stream', 'system', 'make', 'tool', 'asset', 'pipeline' ],
35 silly install resolved     files: [ 'index.js', 'lib', 'bin', 'completion', 'gulp.1' ],
35 silly install resolved     bin: { gulp: './bin/gulp.js' },
35 silly install resolved     man: [ 'gulp.1' ],
35 silly install resolved     dependencies:
35 silly install resolved      { archy: '^1.0.0',
35 silly install resolved        chalk: '^1.0.0',
35 silly install resolved        deprecated: '^0.0.1',
35 silly install resolved        'gulp-util': '^3.0.0',
35 silly install resolved        interpret: '^1.0.0',
35 silly install resolved        liftoff: '^2.1.0',
35 silly install resolved        minimist: '^1.1.0',
35 silly install resolved        orchestrator: '^0.3.0',
35 silly install resolved        'pretty-hrtime': '^1.0.0',
35 silly install resolved        semver: '^4.1.0',
35 silly install resolved        tildify: '^1.0.0',
35 silly install resolved        v8flags: '^2.0.2',
35 silly install resolved        'vinyl-fs': '^0.3.0' },
35 silly install resolved     devDependencies:
35 silly install resolved      { coveralls: '^2.7.0',
35 silly install resolved        eslint: '^1.7.3',
35 silly install resolved        'eslint-config-gulp': '^2.0.0',
35 silly install resolved        'graceful-fs': '^3.0.0',
35 silly install resolved        istanbul: '^0.3.0',
35 silly install resolved        jscs: '^2.3.5',
35 silly install resolved        'jscs-preset-gulp': '^1.0.0',
35 silly install resolved        'marked-man': '^0.1.3',
35 silly install resolved        mkdirp: '^0.5.0',
35 silly install resolved        mocha: '^2.0.1',
35 silly install resolved        'mocha-lcov-reporter': '^0.0.1',
35 silly install resolved        q: '^1.0.0',
35 silly install resolved        rimraf: '^2.2.5',
35 silly install resolved        should: '^5.0.1' },
35 silly install resolved     scripts:
35 silly install resolved      { prepublish: 'marked-man --name gulp docs/CLI.md > gulp.1',
35 silly install resolved        lint: 'eslint . && jscs *.js bin/ lib/ test/',
35 silly install resolved        pretest: 'npm run lint',
35 silly install resolved        test: 'mocha --reporter spec',
35 silly install resolved        coveralls: 'istanbul cover _mocha --report lcovonly -- -R spec && cat ./coverage/lcov.info | coveralls && rm -rf ./coverage' },
35 silly install resolved     engines: { node: '>= 0.9' },
35 silly install resolved     license: 'MIT',
35 silly install resolved     gitHead: '9c14e3a13a73a32e424f144d62566671b2fcdbed',
35 silly install resolved     bugs: { url: 'https://github.com/gulpjs/gulp/issues' },
35 silly install resolved     _id: 'gulp@3.9.1',
35 silly install resolved     _shasum: '571ce45928dd40af6514fc4011866016c13845b4',
35 silly install resolved     _from: 'gulp@*',
35 silly install resolved     _npmVersion: '2.14.14',
35 silly install resolved     _nodeVersion: '0.10.41',
35 silly install resolved     _npmUser: { name: 'phated', email: 'blaine@iceddev.com' },
35 silly install resolved     maintainers: [ [Object], [Object] ],
35 silly install resolved     dist:
35 silly install resolved      { shasum: '571ce45928dd40af6514fc4011866016c13845b4',
35 silly install resolved        tarball: 'https://registry.npmjs.org/gulp/-/gulp-3.9.1.tgz' },
35 silly install resolved     _npmOperationalInternal:
35 silly install resolved      { host: 'packages-6-west.internal.npmjs.com',
35 silly install resolved        tmp: 'tmp/gulp-3.9.1.tgz_1454957415500_0.15343931876122952' },
35 silly install resolved     directories: {},
35 silly install resolved     _resolved: 'https://registry.npmjs.org/gulp/-/gulp-3.9.1.tgz',
35 silly install resolved     readme: 'ERROR: No README data found!' } ]
36 info install gulp@3.9.1 into /usr/local/lib
37 info installOne gulp@3.9.1
38 verbose installOne of gulp to /usr/local/lib not in flight; installing
39 verbose lock using /Users/jasonbryant/.npm/_locks/gulp-709d00e5d169ceb3.lock for /usr/local/lib/node_modules/gulp
40 silly install write writing gulp 3.9.1 to /usr/local/lib/node_modules/gulp
41 verbose unbuild lib/node_modules/gulp
42 info preuninstall gulp@3.9.1
43 info uninstall gulp@3.9.1
44 verbose unbuild rmStuff gulp@3.9.1 from /usr/local/lib/node_modules
45 silly gentlyRm /usr/local/bin/gulp is being gently removed
46 silly gentlyRm verifying /usr/local is an npm working directory
47 verbose rmMans man files are [ 'gulp.1' ] in /usr/local/share/man
48 silly rmMan preparing to remove gulp.1
49 silly gentlyRm /usr/local/share/man/man1/gulp.1.1 is being gently removed
50 silly gentlyRm verifying /usr/local is an npm working directory
51 silly gentlyRm containing path /usr/local is under npm's control, in /usr/local
52 silly gentlyRm deletion target /usr/local/bin/gulp is under /usr/local
53 verbose gentlyRm vacuuming from /usr/local/bin/gulp up to /usr/local
54 silly gentlyRm containing path /usr/local is under npm's control, in /usr/local
55 silly gentlyRm deletion target /usr/local/share/man/man1/gulp.1.1 is under /usr/local
56 verbose gentlyRm vacuuming from /usr/local/share/man/man1/gulp.1.1 up to /usr/local
57 info postuninstall gulp@3.9.1
58 silly gentlyRm /usr/local/lib/node_modules/gulp is being purged from base /usr/local
59 verbose gentlyRm don't care about contents; nuking /usr/local/lib/node_modules/gulp
60 silly vacuum-fs purging /usr/local/lib/node_modules/gulp
61 verbose unlock done using /Users/jasonbryant/.npm/_locks/gulp-709d00e5d169ceb3.lock for /usr/local/lib/node_modules/gulp
62 verbose stack Error: EACCES, unlink '/usr/local/lib/node_modules/gulp/LICENSE'
62 verbose stack     at Error (native)
63 verbose cwd /Users/jasonbryant/Desktop/KMC_CO/wordpress/wp-content/themes/nkt_template_1
64 error Darwin 15.0.0
65 error argv "/usr/local/bin/node" "/usr/local/bin/npm" "install" "-g" "gulp"
66 error node v0.12.4
67 error npm  v2.10.1
68 error path /usr/local/lib/node_modules/gulp/LICENSE
69 error code EACCES
70 error errno -13
71 error Error: EACCES, unlink '/usr/local/lib/node_modules/gulp/LICENSE'
71 error     at Error (native)
71 error  { [Error: EACCES, unlink '/usr/local/lib/node_modules/gulp/LICENSE']
71 error   errno: -13,
71 error   code: 'EACCES',
71 error   path: '/usr/local/lib/node_modules/gulp/LICENSE' }
72 error Please try running this command again as root/Administrator.
73 verbose exit [ -13, true ]
74 verbose unbuild lib/node_modules/gulp
75 info preuninstall gulp@3.9.1
76 info uninstall gulp@3.9.1
77 verbose unbuild rmStuff gulp@3.9.1 from /usr/local/lib/node_modules
78 silly gentlyRm /usr/local/bin/gulp is being gently removed
79 silly gentlyRm verifying /usr/local is an npm working directory
80 verbose rmMans man files are [ 'gulp.1' ] in /usr/local/share/man
81 silly rmMan preparing to remove gulp.1
82 silly gentlyRm /usr/local/share/man/man1/gulp.1.1 is being gently removed
83 silly gentlyRm verifying /usr/local is an npm working directory
84 silly gentlyRm containing path /usr/local is under npm's control, in /usr/local
85 silly gentlyRm deletion target /usr/local/bin/gulp is under /usr/local
86 verbose gentlyRm vacuuming from /usr/local/bin/gulp up to /usr/local
87 silly gentlyRm containing path /usr/local is under npm's control, in /usr/local
88 silly gentlyRm deletion target /usr/local/share/man/man1/gulp.1.1 is under /usr/local
89 verbose gentlyRm vacuuming from /usr/local/share/man/man1/gulp.1.1 up to /usr/local
90 info postuninstall gulp@3.9.1
91 silly gentlyRm /usr/local/lib/node_modules/gulp is being purged from base /usr/local
92 verbose gentlyRm don't care about contents; nuking /usr/local/lib/node_modules/gulp
93 silly vacuum-fs purging /usr/local/lib/node_modules/gulp
94 error error rolling back Error: EACCES, unlink '/usr/local/lib/node_modules/gulp/CHANGELOG.md'
94 error error rolling back     at Error (native)
94 error error rolling back  { [Error: EACCES, unlink '/usr/local/lib/node_modules/gulp/CHANGELOG.md']
94 error error rolling back   errno: -13,
94 error error rolling back   code: 'EACCES',
94 error error rolling back   path: '/usr/local/lib/node_modules/gulp/CHANGELOG.md' }
